The system is: Darwin - 14.3.0 - x86_64
Compiling the C compiler identification source file "CMakeCCompilerId.c" succeeded.
Compiler: /usr/osxws/bin/cc 
Build flags: 
Id flags: 

The output was:
0


Compilation of the C compiler identification source "CMakeCCompilerId.c" produced "a.out"

The C compiler identification is GNU, found in "/Users/antoine/CALICE/DataAnalysis/Trivent4HEP/build/CMakeFiles/3.2.2/CompilerIdC/a.out"

Compiling the CXX compiler identification source file "CMakeCXXCompilerId.cpp" succeeded.
Compiler: /usr/osxws/bin/c++ 
Build flags: 
Id flags: 

The output was:
0


Compilation of the CXX compiler identification source "CMakeCXXCompilerId.cpp" produced "a.out"

The CXX compiler identification is GNU, found in "/Users/antoine/CALICE/DataAnalysis/Trivent4HEP/build/CMakeFiles/3.2.2/CompilerIdCXX/a.out"

Determining if the C compiler works passed with the following output:
Change Dir: /Users/antoine/CALICE/DataAnalysis/Trivent4HEP/build/CMakeFiles/CMakeTmp

Run Build Command:"/usr/bin/make" "cmTryCompileExec1103382834/fast"
/Applications/Xcode.app/Contents/Developer/usr/bin/make -f CMakeFiles/cmTryCompileExec1103382834.dir/build.make CMakeFiles/cmTryCompileExec1103382834.dir/build
/Applications/CMake.app/Contents/bin/cmake -E cmake_progress_report /Users/antoine/CALICE/DataAnalysis/Trivent4HEP/build/CMakeFiles/CMakeTmp/CMakeFiles 1
Building C object CMakeFiles/cmTryCompileExec1103382834.dir/testCCompiler.c.o
/usr/osxws/bin/cc    -o CMakeFiles/cmTryCompileExec1103382834.dir/testCCompiler.c.o   -c /Users/antoine/CALICE/DataAnalysis/Trivent4HEP/build/CMakeFiles/CMakeTmp/testCCompiler.c
Linking C executable cmTryCompileExec1103382834
/Applications/CMake.app/Contents/bin/cmake -E cmake_link_script CMakeFiles/cmTryCompileExec1103382834.dir/link.txt --verbose=1
/usr/osxws/bin/cc    -Wl,-search_paths_first -Wl,-headerpad_max_install_names   CMakeFiles/cmTryCompileExec1103382834.dir/testCCompiler.c.o  -o cmTryCompileExec1103382834  


Detecting C compiler ABI info compiled with the following output:
Change Dir: /Users/antoine/CALICE/DataAnalysis/Trivent4HEP/build/CMakeFiles/CMakeTmp

Run Build Command:"/usr/bin/make" "cmTryCompileExec4200709426/fast"
/Applications/Xcode.app/Contents/Developer/usr/bin/make -f CMakeFiles/cmTryCompileExec4200709426.dir/build.make CMakeFiles/cmTryCompileExec4200709426.dir/build
/Applications/CMake.app/Contents/bin/cmake -E cmake_progress_report /Users/antoine/CALICE/DataAnalysis/Trivent4HEP/build/CMakeFiles/CMakeTmp/CMakeFiles 1
Building C object CMakeFiles/cmTryCompileExec4200709426.dir/CMakeCCompilerABI.c.o
/usr/osxws/bin/cc    -o CMakeFiles/cmTryCompileExec4200709426.dir/CMakeCCompilerABI.c.o   -c /Applications/CMake.app/Contents/share/cmake-3.2/Modules/CMakeCCompilerABI.c
Linking C executable cmTryCompileExec4200709426
/Applications/CMake.app/Contents/bin/cmake -E cmake_link_script CMakeFiles/cmTryCompileExec4200709426.dir/link.txt --verbose=1
/usr/osxws/bin/cc    -Wl,-search_paths_first -Wl,-headerpad_max_install_names  -v -Wl,-v CMakeFiles/cmTryCompileExec4200709426.dir/CMakeCCompilerABI.c.o  -o cmTryCompileExec4200709426   
Using built-in specs.
COLLECT_GCC=/usr/osxws/bin/cc
COLLECT_LTO_WRAPPER=/usr/osxws/libexec/gcc/x86_64-apple-darwin14/4.8.4/lto-wrapper
Target: x86_64-apple-darwin14
Configured with: ./configure --prefix=/usr/osxws --includedir=/usr/osxws/include --sysconfdir=/usr/osxws/etc --mandir=/usr/osxws/share/man --datadir=/usr/osxws/share --infodir=/usr/osxws/share/info --enable-languages=c,c++,objc,obj-c++,fortran --with-gmp-lib=/usr/osxws/lib --with-gmp-include=/usr/osxws/include --with-mpfr-lib=/usr/osxws/lib --with-mpfr-include=/usr/osxws/include --with-gxx-include-dir=/usr/osxws/include/c++/4.8.4 --enable-shared --enable-threads=posix --enable-checking=release --enable-bootstrap --with-system-zlib --disable-nls --build=x86_64-apple-darwin14 --host=x86_64-apple-darwin14 --target=x86_64-apple-darwin14 --enable-stage1-checking --disable-multilib
Thread model: posix
gcc version 4.8.4 (GCC) 
COMPILER_PATH=/usr/osxws/libexec/gcc/x86_64-apple-darwin14/4.8.4/:/usr/osxws/libexec/gcc/x86_64-apple-darwin14/4.8.4/:/usr/osxws/libexec/gcc/x86_64-apple-darwin14/:/usr/osxws/lib/gcc/x86_64-apple-darwin14/4.8.4/:/usr/osxws/lib/gcc/x86_64-apple-darwin14/
LIBRARY_PATH=/usr/osxws/lib/gcc/x86_64-apple-darwin14/4.8.4/:/usr/osxws/lib/gcc/x86_64-apple-darwin14/4.8.4/../../../:/usr/lib/
COLLECT_GCC_OPTIONS='-mmacosx-version-min=10.10.3' '-v' '-o' 'cmTryCompileExec4200709426' '-mtune=core2'
 /usr/osxws/libexec/gcc/x86_64-apple-darwin14/4.8.4/collect2 -dynamic -arch x86_64 -macosx_version_min 10.10.3 -weak_reference_mismatches non-weak -o cmTryCompileExec4200709426 -L/usr/osxws/lib/gcc/x86_64-apple-darwin14/4.8.4 -L/usr/osxws/lib/gcc/x86_64-apple-darwin14/4.8.4/../../.. -search_paths_first -headerpad_max_install_names -v CMakeFiles/cmTryCompileExec4200709426.dir/CMakeCCompilerABI.c.o -no_compact_unwind -lSystem -lgcc_ext.10.5 -lgcc -lSystem -v
collect2 version 4.8.4
/usr/bin/ld -dynamic -arch x86_64 -macosx_version_min 10.10.3 -weak_reference_mismatches non-weak -o cmTryCompileExec4200709426 -L/usr/osxws/lib/gcc/x86_64-apple-darwin14/4.8.4 -L/usr/osxws/lib/gcc/x86_64-apple-darwin14/4.8.4/../../.. -search_paths_first -headerpad_max_install_names -v CMakeFiles/cmTryCompileExec4200709426.dir/CMakeCCompilerABI.c.o -no_compact_unwind -lSystem -lgcc_ext.10.5 -lgcc -lSystem -v
@(#)PROGRAM:ld  PROJECT:ld64-242
configured to support archs: armv6 armv7 armv7s arm64 i386 x86_64 x86_64h armv6m armv7m armv7em
@(#)PROGRAM:ld  PROJECT:ld64-242
configured to support archs: armv6 armv7 armv7s arm64 i386 x86_64 x86_64h armv6m armv7m armv7em
Library search paths:
	/usr/osxws/lib/gcc/x86_64-apple-darwin14/4.8.4
	/usr/osxws/lib
	/usr/lib
	/usr/local/lib
Framework search paths:
	/Library/Frameworks/
	/System/Library/Frameworks/


Parsed C implicit link information from above output:
  link line regex: [^( *|.*[/\])(ld|([^/\]+-)?ld|collect2)[^/\]*( |$)]
  ignore line: [Change Dir: /Users/antoine/CALICE/DataAnalysis/Trivent4HEP/build/CMakeFiles/CMakeTmp]
  ignore line: []
  ignore line: [Run Build Command:"/usr/bin/make" "cmTryCompileExec4200709426/fast"]
  ignore line: [/Applications/Xcode.app/Contents/Developer/usr/bin/make -f CMakeFiles/cmTryCompileExec4200709426.dir/build.make CMakeFiles/cmTryCompileExec4200709426.dir/build]
  ignore line: [/Applications/CMake.app/Contents/bin/cmake -E cmake_progress_report /Users/antoine/CALICE/DataAnalysis/Trivent4HEP/build/CMakeFiles/CMakeTmp/CMakeFiles 1]
  ignore line: [Building C object CMakeFiles/cmTryCompileExec4200709426.dir/CMakeCCompilerABI.c.o]
  ignore line: [/usr/osxws/bin/cc    -o CMakeFiles/cmTryCompileExec4200709426.dir/CMakeCCompilerABI.c.o   -c /Applications/CMake.app/Contents/share/cmake-3.2/Modules/CMakeCCompilerABI.c]
  ignore line: [Linking C executable cmTryCompileExec4200709426]
  ignore line: [/Applications/CMake.app/Contents/bin/cmake -E cmake_link_script CMakeFiles/cmTryCompileExec4200709426.dir/link.txt --verbose=1]
  ignore line: [/usr/osxws/bin/cc    -Wl,-search_paths_first -Wl,-headerpad_max_install_names  -v -Wl,-v CMakeFiles/cmTryCompileExec4200709426.dir/CMakeCCompilerABI.c.o  -o cmTryCompileExec4200709426   ]
  ignore line: [Using built-in specs.]
  ignore line: [COLLECT_GCC=/usr/osxws/bin/cc]
  ignore line: [COLLECT_LTO_WRAPPER=/usr/osxws/libexec/gcc/x86_64-apple-darwin14/4.8.4/lto-wrapper]
  ignore line: [Target: x86_64-apple-darwin14]
  ignore line: [Configured with: ./configure --prefix=/usr/osxws --includedir=/usr/osxws/include --sysconfdir=/usr/osxws/etc --mandir=/usr/osxws/share/man --datadir=/usr/osxws/share --infodir=/usr/osxws/share/info --enable-languages=c,c++,objc,obj-c++,fortran --with-gmp-lib=/usr/osxws/lib --with-gmp-include=/usr/osxws/include --with-mpfr-lib=/usr/osxws/lib --with-mpfr-include=/usr/osxws/include --with-gxx-include-dir=/usr/osxws/include/c++/4.8.4 --enable-shared --enable-threads=posix --enable-checking=release --enable-bootstrap --with-system-zlib --disable-nls --build=x86_64-apple-darwin14 --host=x86_64-apple-darwin14 --target=x86_64-apple-darwin14 --enable-stage1-checking --disable-multilib]
  ignore line: [Thread model: posix]
  ignore line: [gcc version 4.8.4 (GCC) ]
  ignore line: [COMPILER_PATH=/usr/osxws/libexec/gcc/x86_64-apple-darwin14/4.8.4/:/usr/osxws/libexec/gcc/x86_64-apple-darwin14/4.8.4/:/usr/osxws/libexec/gcc/x86_64-apple-darwin14/:/usr/osxws/lib/gcc/x86_64-apple-darwin14/4.8.4/:/usr/osxws/lib/gcc/x86_64-apple-darwin14/]
  ignore line: [LIBRARY_PATH=/usr/osxws/lib/gcc/x86_64-apple-darwin14/4.8.4/:/usr/osxws/lib/gcc/x86_64-apple-darwin14/4.8.4/../../../:/usr/lib/]
  ignore line: [COLLECT_GCC_OPTIONS='-mmacosx-version-min=10.10.3' '-v' '-o' 'cmTryCompileExec4200709426' '-mtune=core2']
  link line: [ /usr/osxws/libexec/gcc/x86_64-apple-darwin14/4.8.4/collect2 -dynamic -arch x86_64 -macosx_version_min 10.10.3 -weak_reference_mismatches non-weak -o cmTryCompileExec4200709426 -L/usr/osxws/lib/gcc/x86_64-apple-darwin14/4.8.4 -L/usr/osxws/lib/gcc/x86_64-apple-darwin14/4.8.4/../../.. -search_paths_first -headerpad_max_install_names -v CMakeFiles/cmTryCompileExec4200709426.dir/CMakeCCompilerABI.c.o -no_compact_unwind -lSystem -lgcc_ext.10.5 -lgcc -lSystem -v]
    arg [/usr/osxws/libexec/gcc/x86_64-apple-darwin14/4.8.4/collect2] ==> ignore
    arg [-dynamic] ==> ignore
    arg [-arch] ==> ignore
    arg [x86_64] ==> ignore
    arg [-macosx_version_min] ==> ignore
    arg [10.10.3] ==> ignore
    arg [-weak_reference_mismatches] ==> ignore
    arg [non-weak] ==> ignore
    arg [-o] ==> ignore
    arg [cmTryCompileExec4200709426] ==> ignore
    arg [-L/usr/osxws/lib/gcc/x86_64-apple-darwin14/4.8.4] ==> dir [/usr/osxws/lib/gcc/x86_64-apple-darwin14/4.8.4]
    arg [-L/usr/osxws/lib/gcc/x86_64-apple-darwin14/4.8.4/../../..] ==> dir [/usr/osxws/lib/gcc/x86_64-apple-darwin14/4.8.4/../../..]
    arg [-search_paths_first] ==> ignore
    arg [-headerpad_max_install_names] ==> ignore
    arg [-v] ==> ignore
    arg [CMakeFiles/cmTryCompileExec4200709426.dir/CMakeCCompilerABI.c.o] ==> ignore
    arg [-no_compact_unwind] ==> ignore
    arg [-lSystem] ==> lib [System]
    arg [-lgcc_ext.10.5] ==> lib [gcc_ext.10.5]
    arg [-lgcc] ==> lib [gcc]
    arg [-lSystem] ==> lib [System]
    arg [-v] ==> ignore
  Library search paths: [;/usr/osxws/lib/gcc/x86_64-apple-darwin14/4.8.4;/usr/osxws/lib;/usr/lib;/usr/local/lib]
  Framework search paths: [;/Library/Frameworks/;/System/Library/Frameworks/]
  remove lib [System]
  remove lib [gcc_ext.10.5]
  remove lib [gcc]
  remove lib [System]
  collapse library dir [/usr/osxws/lib/gcc/x86_64-apple-darwin14/4.8.4] ==> [/usr/osxws/lib/gcc/x86_64-apple-darwin14/4.8.4]
  collapse library dir [/usr/osxws/lib/gcc/x86_64-apple-darwin14/4.8.4/../../..] ==> [/usr/osxws/lib]
  collapse library dir [/usr/osxws/lib/gcc/x86_64-apple-darwin14/4.8.4] ==> [/usr/osxws/lib/gcc/x86_64-apple-darwin14/4.8.4]
  collapse library dir [/usr/osxws/lib] ==> [/usr/osxws/lib]
  collapse library dir [/usr/lib] ==> [/usr/lib]
  collapse library dir [/usr/local/lib] ==> [/usr/local/lib]
  collapse framework dir [/Library/Frameworks/] ==> [/Library/Frameworks]
  collapse framework dir [/System/Library/Frameworks/] ==> [/System/Library/Frameworks]
  implicit libs: []
  implicit dirs: [/usr/osxws/lib/gcc/x86_64-apple-darwin14/4.8.4;/usr/osxws/lib;/usr/lib;/usr/local/lib]
  implicit fwks: [/Library/Frameworks;/System/Library/Frameworks]




Detecting C [-std=c11] compiler features compiled with the following output:
Change Dir: /Users/antoine/CALICE/DataAnalysis/Trivent4HEP/build/CMakeFiles/CMakeTmp

Run Build Command:"/usr/bin/make" "cmTryCompileExec3629469227/fast"
/Applications/Xcode.app/Contents/Developer/usr/bin/make -f CMakeFiles/cmTryCompileExec3629469227.dir/build.make CMakeFiles/cmTryCompileExec3629469227.dir/build
/Applications/CMake.app/Contents/bin/cmake -E cmake_progress_report /Users/antoine/CALICE/DataAnalysis/Trivent4HEP/build/CMakeFiles/CMakeTmp/CMakeFiles 1
Building C object CMakeFiles/cmTryCompileExec3629469227.dir/feature_tests.c.o
/usr/osxws/bin/cc   -std=c11 -o CMakeFiles/cmTryCompileExec3629469227.dir/feature_tests.c.o   -c /Users/antoine/CALICE/DataAnalysis/Trivent4HEP/build/CMakeFiles/feature_tests.c
Linking C executable cmTryCompileExec3629469227
/Applications/CMake.app/Contents/bin/cmake -E cmake_link_script CMakeFiles/cmTryCompileExec3629469227.dir/link.txt --verbose=1
/usr/osxws/bin/cc    -Wl,-search_paths_first -Wl,-headerpad_max_install_names   CMakeFiles/cmTryCompileExec3629469227.dir/feature_tests.c.o  -o cmTryCompileExec3629469227  


    Feature record: C_FEATURE:1c_function_prototypes
    Feature record: C_FEATURE:1c_restrict
    Feature record: C_FEATURE:1c_static_assert
    Feature record: C_FEATURE:1c_variadic_macros


Detecting C [-std=c99] compiler features compiled with the following output:
Change Dir: /Users/antoine/CALICE/DataAnalysis/Trivent4HEP/build/CMakeFiles/CMakeTmp

Run Build Command:"/usr/bin/make" "cmTryCompileExec2716520429/fast"
/Applications/Xcode.app/Contents/Developer/usr/bin/make -f CMakeFiles/cmTryCompileExec2716520429.dir/build.make CMakeFiles/cmTryCompileExec2716520429.dir/build
/Applications/CMake.app/Contents/bin/cmake -E cmake_progress_report /Users/antoine/CALICE/DataAnalysis/Trivent4HEP/build/CMakeFiles/CMakeTmp/CMakeFiles 1
Building C object CMakeFiles/cmTryCompileExec2716520429.dir/feature_tests.c.o
/usr/osxws/bin/cc   -std=c99 -o CMakeFiles/cmTryCompileExec2716520429.dir/feature_tests.c.o   -c /Users/antoine/CALICE/DataAnalysis/Trivent4HEP/build/CMakeFiles/feature_tests.c
Linking C executable cmTryCompileExec2716520429
/Applications/CMake.app/Contents/bin/cmake -E cmake_link_script CMakeFiles/cmTryCompileExec2716520429.dir/link.txt --verbose=1
/usr/osxws/bin/cc    -Wl,-search_paths_first -Wl,-headerpad_max_install_names   CMakeFiles/cmTryCompileExec2716520429.dir/feature_tests.c.o  -o cmTryCompileExec2716520429  


    Feature record: C_FEATURE:1c_function_prototypes
    Feature record: C_FEATURE:1c_restrict
    Feature record: C_FEATURE:0c_static_assert
    Feature record: C_FEATURE:1c_variadic_macros


Detecting C [-std=c90] compiler features compiled with the following output:
Change Dir: /Users/antoine/CALICE/DataAnalysis/Trivent4HEP/build/CMakeFiles/CMakeTmp

Run Build Command:"/usr/bin/make" "cmTryCompileExec3153673941/fast"
/Applications/Xcode.app/Contents/Developer/usr/bin/make -f CMakeFiles/cmTryCompileExec3153673941.dir/build.make CMakeFiles/cmTryCompileExec3153673941.dir/build
/Applications/CMake.app/Contents/bin/cmake -E cmake_progress_report /Users/antoine/CALICE/DataAnalysis/Trivent4HEP/build/CMakeFiles/CMakeTmp/CMakeFiles 1
Building C object CMakeFiles/cmTryCompileExec3153673941.dir/feature_tests.c.o
/usr/osxws/bin/cc   -std=c90 -o CMakeFiles/cmTryCompileExec3153673941.dir/feature_tests.c.o   -c /Users/antoine/CALICE/DataAnalysis/Trivent4HEP/build/CMakeFiles/feature_tests.c
Linking C executable cmTryCompileExec3153673941
/Applications/CMake.app/Contents/bin/cmake -E cmake_link_script CMakeFiles/cmTryCompileExec3153673941.dir/link.txt --verbose=1
/usr/osxws/bin/cc    -Wl,-search_paths_first -Wl,-headerpad_max_install_names   CMakeFiles/cmTryCompileExec3153673941.dir/feature_tests.c.o  -o cmTryCompileExec3153673941  


    Feature record: C_FEATURE:1c_function_prototypes
    Feature record: C_FEATURE:0c_restrict
    Feature record: C_FEATURE:0c_static_assert
    Feature record: C_FEATURE:0c_variadic_macros
Determining if the CXX compiler works passed with the following output:
Change Dir: /Users/antoine/CALICE/DataAnalysis/Trivent4HEP/build/CMakeFiles/CMakeTmp

Run Build Command:"/usr/bin/make" "cmTryCompileExec1964481885/fast"
/Applications/Xcode.app/Contents/Developer/usr/bin/make -f CMakeFiles/cmTryCompileExec1964481885.dir/build.make CMakeFiles/cmTryCompileExec1964481885.dir/build
/Applications/CMake.app/Contents/bin/cmake -E cmake_progress_report /Users/antoine/CALICE/DataAnalysis/Trivent4HEP/build/CMakeFiles/CMakeTmp/CMakeFiles 1
Building CXX object CMakeFiles/cmTryCompileExec1964481885.dir/testCXXCompiler.cxx.o
/usr/osxws/bin/c++     -o CMakeFiles/cmTryCompileExec1964481885.dir/testCXXCompiler.cxx.o -c /Users/antoine/CALICE/DataAnalysis/Trivent4HEP/build/CMakeFiles/CMakeTmp/testCXXCompiler.cxx
Linking CXX executable cmTryCompileExec1964481885
/Applications/CMake.app/Contents/bin/cmake -E cmake_link_script CMakeFiles/cmTryCompileExec1964481885.dir/link.txt --verbose=1
/usr/osxws/bin/c++     -Wl,-search_paths_first -Wl,-headerpad_max_install_names   CMakeFiles/cmTryCompileExec1964481885.dir/testCXXCompiler.cxx.o  -o cmTryCompileExec1964481885  


Detecting CXX compiler ABI info compiled with the following output:
Change Dir: /Users/antoine/CALICE/DataAnalysis/Trivent4HEP/build/CMakeFiles/CMakeTmp

Run Build Command:"/usr/bin/make" "cmTryCompileExec152714690/fast"
/Applications/Xcode.app/Contents/Developer/usr/bin/make -f CMakeFiles/cmTryCompileExec152714690.dir/build.make CMakeFiles/cmTryCompileExec152714690.dir/build
/Applications/CMake.app/Contents/bin/cmake -E cmake_progress_report /Users/antoine/CALICE/DataAnalysis/Trivent4HEP/build/CMakeFiles/CMakeTmp/CMakeFiles 1
Building CXX object CMakeFiles/cmTryCompileExec152714690.dir/CMakeCXXCompilerABI.cpp.o
/usr/osxws/bin/c++     -o CMakeFiles/cmTryCompileExec152714690.dir/CMakeCXXCompilerABI.cpp.o -c /Applications/CMake.app/Contents/share/cmake-3.2/Modules/CMakeCXXCompilerABI.cpp
Linking CXX executable cmTryCompileExec152714690
/Applications/CMake.app/Contents/bin/cmake -E cmake_link_script CMakeFiles/cmTryCompileExec152714690.dir/link.txt --verbose=1
/usr/osxws/bin/c++     -Wl,-search_paths_first -Wl,-headerpad_max_install_names  -v -Wl,-v CMakeFiles/cmTryCompileExec152714690.dir/CMakeCXXCompilerABI.cpp.o  -o cmTryCompileExec152714690   
Using built-in specs.
COLLECT_GCC=/usr/osxws/bin/c++
COLLECT_LTO_WRAPPER=/usr/osxws/libexec/gcc/x86_64-apple-darwin14/4.8.4/lto-wrapper
Target: x86_64-apple-darwin14
Configured with: ./configure --prefix=/usr/osxws --includedir=/usr/osxws/include --sysconfdir=/usr/osxws/etc --mandir=/usr/osxws/share/man --datadir=/usr/osxws/share --infodir=/usr/osxws/share/info --enable-languages=c,c++,objc,obj-c++,fortran --with-gmp-lib=/usr/osxws/lib --with-gmp-include=/usr/osxws/include --with-mpfr-lib=/usr/osxws/lib --with-mpfr-include=/usr/osxws/include --with-gxx-include-dir=/usr/osxws/include/c++/4.8.4 --enable-shared --enable-threads=posix --enable-checking=release --enable-bootstrap --with-system-zlib --disable-nls --build=x86_64-apple-darwin14 --host=x86_64-apple-darwin14 --target=x86_64-apple-darwin14 --enable-stage1-checking --disable-multilib
Thread model: posix
gcc version 4.8.4 (GCC) 
COMPILER_PATH=/usr/osxws/libexec/gcc/x86_64-apple-darwin14/4.8.4/:/usr/osxws/libexec/gcc/x86_64-apple-darwin14/4.8.4/:/usr/osxws/libexec/gcc/x86_64-apple-darwin14/:/usr/osxws/lib/gcc/x86_64-apple-darwin14/4.8.4/:/usr/osxws/lib/gcc/x86_64-apple-darwin14/
LIBRARY_PATH=/usr/osxws/lib/gcc/x86_64-apple-darwin14/4.8.4/:/usr/osxws/lib/gcc/x86_64-apple-darwin14/4.8.4/../../../:/usr/lib/
COLLECT_GCC_OPTIONS='-mmacosx-version-min=10.10.3' '-v' '-o' 'cmTryCompileExec152714690' '-shared-libgcc' '-mtune=core2'
 /usr/osxws/libexec/gcc/x86_64-apple-darwin14/4.8.4/collect2 -dynamic -arch x86_64 -macosx_version_min 10.10.3 -weak_reference_mismatches non-weak -o cmTryCompileExec152714690 -L/usr/osxws/lib/gcc/x86_64-apple-darwin14/4.8.4 -L/usr/osxws/lib/gcc/x86_64-apple-darwin14/4.8.4/../../.. -search_paths_first -headerpad_max_install_names -v CMakeFiles/cmTryCompileExec152714690.dir/CMakeCXXCompilerABI.cpp.o -lstdc++ -no_compact_unwind -lSystem -lgcc_ext.10.5 -lgcc -lSystem -v
collect2 version 4.8.4
/usr/bin/ld -dynamic -arch x86_64 -macosx_version_min 10.10.3 -weak_reference_mismatches non-weak -o cmTryCompileExec152714690 -L/usr/osxws/lib/gcc/x86_64-apple-darwin14/4.8.4 -L/usr/osxws/lib/gcc/x86_64-apple-darwin14/4.8.4/../../.. -search_paths_first -headerpad_max_install_names -v CMakeFiles/cmTryCompileExec152714690.dir/CMakeCXXCompilerABI.cpp.o -lstdc++ -no_compact_unwind -lSystem -lgcc_ext.10.5 -lgcc -lSystem -v
@(#)PROGRAM:ld  PROJECT:ld64-242
configured to support archs: armv6 armv7 armv7s arm64 i386 x86_64 x86_64h armv6m armv7m armv7em
@(#)PROGRAM:ld  PROJECT:ld64-242
configured to support archs: armv6 armv7 armv7s arm64 i386 x86_64 x86_64h armv6m armv7m armv7em
Library search paths:
	/usr/osxws/lib/gcc/x86_64-apple-darwin14/4.8.4
	/usr/osxws/lib
	/usr/lib
	/usr/local/lib
Framework search paths:
	/Library/Frameworks/
	/System/Library/Frameworks/


Parsed CXX implicit link information from above output:
  link line regex: [^( *|.*[/\])(ld|([^/\]+-)?ld|collect2)[^/\]*( |$)]
  ignore line: [Change Dir: /Users/antoine/CALICE/DataAnalysis/Trivent4HEP/build/CMakeFiles/CMakeTmp]
  ignore line: []
  ignore line: [Run Build Command:"/usr/bin/make" "cmTryCompileExec152714690/fast"]
  ignore line: [/Applications/Xcode.app/Contents/Developer/usr/bin/make -f CMakeFiles/cmTryCompileExec152714690.dir/build.make CMakeFiles/cmTryCompileExec152714690.dir/build]
  ignore line: [/Applications/CMake.app/Contents/bin/cmake -E cmake_progress_report /Users/antoine/CALICE/DataAnalysis/Trivent4HEP/build/CMakeFiles/CMakeTmp/CMakeFiles 1]
  ignore line: [Building CXX object CMakeFiles/cmTryCompileExec152714690.dir/CMakeCXXCompilerABI.cpp.o]
  ignore line: [/usr/osxws/bin/c++     -o CMakeFiles/cmTryCompileExec152714690.dir/CMakeCXXCompilerABI.cpp.o -c /Applications/CMake.app/Contents/share/cmake-3.2/Modules/CMakeCXXCompilerABI.cpp]
  ignore line: [Linking CXX executable cmTryCompileExec152714690]
  ignore line: [/Applications/CMake.app/Contents/bin/cmake -E cmake_link_script CMakeFiles/cmTryCompileExec152714690.dir/link.txt --verbose=1]
  ignore line: [/usr/osxws/bin/c++     -Wl,-search_paths_first -Wl,-headerpad_max_install_names  -v -Wl,-v CMakeFiles/cmTryCompileExec152714690.dir/CMakeCXXCompilerABI.cpp.o  -o cmTryCompileExec152714690   ]
  ignore line: [Using built-in specs.]
  ignore line: [COLLECT_GCC=/usr/osxws/bin/c++]
  ignore line: [COLLECT_LTO_WRAPPER=/usr/osxws/libexec/gcc/x86_64-apple-darwin14/4.8.4/lto-wrapper]
  ignore line: [Target: x86_64-apple-darwin14]
  ignore line: [Configured with: ./configure --prefix=/usr/osxws --includedir=/usr/osxws/include --sysconfdir=/usr/osxws/etc --mandir=/usr/osxws/share/man --datadir=/usr/osxws/share --infodir=/usr/osxws/share/info --enable-languages=c,c++,objc,obj-c++,fortran --with-gmp-lib=/usr/osxws/lib --with-gmp-include=/usr/osxws/include --with-mpfr-lib=/usr/osxws/lib --with-mpfr-include=/usr/osxws/include --with-gxx-include-dir=/usr/osxws/include/c++/4.8.4 --enable-shared --enable-threads=posix --enable-checking=release --enable-bootstrap --with-system-zlib --disable-nls --build=x86_64-apple-darwin14 --host=x86_64-apple-darwin14 --target=x86_64-apple-darwin14 --enable-stage1-checking --disable-multilib]
  ignore line: [Thread model: posix]
  ignore line: [gcc version 4.8.4 (GCC) ]
  ignore line: [COMPILER_PATH=/usr/osxws/libexec/gcc/x86_64-apple-darwin14/4.8.4/:/usr/osxws/libexec/gcc/x86_64-apple-darwin14/4.8.4/:/usr/osxws/libexec/gcc/x86_64-apple-darwin14/:/usr/osxws/lib/gcc/x86_64-apple-darwin14/4.8.4/:/usr/osxws/lib/gcc/x86_64-apple-darwin14/]
  ignore line: [LIBRARY_PATH=/usr/osxws/lib/gcc/x86_64-apple-darwin14/4.8.4/:/usr/osxws/lib/gcc/x86_64-apple-darwin14/4.8.4/../../../:/usr/lib/]
  ignore line: [COLLECT_GCC_OPTIONS='-mmacosx-version-min=10.10.3' '-v' '-o' 'cmTryCompileExec152714690' '-shared-libgcc' '-mtune=core2']
  link line: [ /usr/osxws/libexec/gcc/x86_64-apple-darwin14/4.8.4/collect2 -dynamic -arch x86_64 -macosx_version_min 10.10.3 -weak_reference_mismatches non-weak -o cmTryCompileExec152714690 -L/usr/osxws/lib/gcc/x86_64-apple-darwin14/4.8.4 -L/usr/osxws/lib/gcc/x86_64-apple-darwin14/4.8.4/../../.. -search_paths_first -headerpad_max_install_names -v CMakeFiles/cmTryCompileExec152714690.dir/CMakeCXXCompilerABI.cpp.o -lstdc++ -no_compact_unwind -lSystem -lgcc_ext.10.5 -lgcc -lSystem -v]
    arg [/usr/osxws/libexec/gcc/x86_64-apple-darwin14/4.8.4/collect2] ==> ignore
    arg [-dynamic] ==> ignore
    arg [-arch] ==> ignore
    arg [x86_64] ==> ignore
    arg [-macosx_version_min] ==> ignore
    arg [10.10.3] ==> ignore
    arg [-weak_reference_mismatches] ==> ignore
    arg [non-weak] ==> ignore
    arg [-o] ==> ignore
    arg [cmTryCompileExec152714690] ==> ignore
    arg [-L/usr/osxws/lib/gcc/x86_64-apple-darwin14/4.8.4] ==> dir [/usr/osxws/lib/gcc/x86_64-apple-darwin14/4.8.4]
    arg [-L/usr/osxws/lib/gcc/x86_64-apple-darwin14/4.8.4/../../..] ==> dir [/usr/osxws/lib/gcc/x86_64-apple-darwin14/4.8.4/../../..]
    arg [-search_paths_first] ==> ignore
    arg [-headerpad_max_install_names] ==> ignore
    arg [-v] ==> ignore
    arg [CMakeFiles/cmTryCompileExec152714690.dir/CMakeCXXCompilerABI.cpp.o] ==> ignore
    arg [-lstdc++] ==> lib [stdc++]
    arg [-no_compact_unwind] ==> ignore
    arg [-lSystem] ==> lib [System]
    arg [-lgcc_ext.10.5] ==> lib [gcc_ext.10.5]
    arg [-lgcc] ==> lib [gcc]
    arg [-lSystem] ==> lib [System]
    arg [-v] ==> ignore
  Library search paths: [;/usr/osxws/lib/gcc/x86_64-apple-darwin14/4.8.4;/usr/osxws/lib;/usr/lib;/usr/local/lib]
  Framework search paths: [;/Library/Frameworks/;/System/Library/Frameworks/]
  remove lib [System]
  remove lib [gcc_ext.10.5]
  remove lib [gcc]
  remove lib [System]
  collapse library dir [/usr/osxws/lib/gcc/x86_64-apple-darwin14/4.8.4] ==> [/usr/osxws/lib/gcc/x86_64-apple-darwin14/4.8.4]
  collapse library dir [/usr/osxws/lib/gcc/x86_64-apple-darwin14/4.8.4/../../..] ==> [/usr/osxws/lib]
  collapse library dir [/usr/osxws/lib/gcc/x86_64-apple-darwin14/4.8.4] ==> [/usr/osxws/lib/gcc/x86_64-apple-darwin14/4.8.4]
  collapse library dir [/usr/osxws/lib] ==> [/usr/osxws/lib]
  collapse library dir [/usr/lib] ==> [/usr/lib]
  collapse library dir [/usr/local/lib] ==> [/usr/local/lib]
  collapse framework dir [/Library/Frameworks/] ==> [/Library/Frameworks]
  collapse framework dir [/System/Library/Frameworks/] ==> [/System/Library/Frameworks]
  implicit libs: [stdc++]
  implicit dirs: [/usr/osxws/lib/gcc/x86_64-apple-darwin14/4.8.4;/usr/osxws/lib;/usr/lib;/usr/local/lib]
  implicit fwks: [/Library/Frameworks;/System/Library/Frameworks]




Detecting CXX [-std=c++1y] compiler features compiled with the following output:
Change Dir: /Users/antoine/CALICE/DataAnalysis/Trivent4HEP/build/CMakeFiles/CMakeTmp

Run Build Command:"/usr/bin/make" "cmTryCompileExec4039438508/fast"
/Applications/Xcode.app/Contents/Developer/usr/bin/make -f CMakeFiles/cmTryCompileExec4039438508.dir/build.make CMakeFiles/cmTryCompileExec4039438508.dir/build
/Applications/CMake.app/Contents/bin/cmake -E cmake_progress_report /Users/antoine/CALICE/DataAnalysis/Trivent4HEP/build/CMakeFiles/CMakeTmp/CMakeFiles 1
Building CXX object CMakeFiles/cmTryCompileExec4039438508.dir/feature_tests.cxx.o
/usr/osxws/bin/c++    -std=c++1y -o CMakeFiles/cmTryCompileExec4039438508.dir/feature_tests.cxx.o -c /Users/antoine/CALICE/DataAnalysis/Trivent4HEP/build/CMakeFiles/feature_tests.cxx
Linking CXX executable cmTryCompileExec4039438508
/Applications/CMake.app/Contents/bin/cmake -E cmake_link_script CMakeFiles/cmTryCompileExec4039438508.dir/link.txt --verbose=1
/usr/osxws/bin/c++     -Wl,-search_paths_first -Wl,-headerpad_max_install_names   CMakeFiles/cmTryCompileExec4039438508.dir/feature_tests.cxx.o  -o cmTryCompileExec4039438508  


    Feature record: CXX_FEATURE:0cxx_aggregate_default_initializers
    Feature record: CXX_FEATURE:1cxx_alias_templates
    Feature record: CXX_FEATURE:1cxx_alignas
    Feature record: CXX_FEATURE:1cxx_alignof
    Feature record: CXX_FEATURE:1cxx_attributes
    Feature record: CXX_FEATURE:0cxx_attribute_deprecated
    Feature record: CXX_FEATURE:1cxx_auto_type
    Feature record: CXX_FEATURE:0cxx_binary_literals
    Feature record: CXX_FEATURE:1cxx_constexpr
    Feature record: CXX_FEATURE:0cxx_contextual_conversions
    Feature record: CXX_FEATURE:1cxx_decltype
    Feature record: CXX_FEATURE:0cxx_decltype_auto
    Feature record: CXX_FEATURE:1cxx_decltype_incomplete_return_types
    Feature record: CXX_FEATURE:1cxx_default_function_template_args
    Feature record: CXX_FEATURE:1cxx_defaulted_functions
    Feature record: CXX_FEATURE:1cxx_defaulted_move_initializers
    Feature record: CXX_FEATURE:1cxx_delegating_constructors
    Feature record: CXX_FEATURE:1cxx_deleted_functions
    Feature record: CXX_FEATURE:0cxx_digit_separators
    Feature record: CXX_FEATURE:1cxx_enum_forward_declarations
    Feature record: CXX_FEATURE:1cxx_explicit_conversions
    Feature record: CXX_FEATURE:1cxx_extended_friend_declarations
    Feature record: CXX_FEATURE:1cxx_extern_templates
    Feature record: CXX_FEATURE:1cxx_final
    Feature record: CXX_FEATURE:1cxx_func_identifier
    Feature record: CXX_FEATURE:1cxx_generalized_initializers
    Feature record: CXX_FEATURE:0cxx_generic_lambdas
    Feature record: CXX_FEATURE:1cxx_inheriting_constructors
    Feature record: CXX_FEATURE:1cxx_inline_namespaces
    Feature record: CXX_FEATURE:1cxx_lambdas
    Feature record: CXX_FEATURE:0cxx_lambda_init_captures
    Feature record: CXX_FEATURE:1cxx_local_type_template_args
    Feature record: CXX_FEATURE:1cxx_long_long_type
    Feature record: CXX_FEATURE:1cxx_noexcept
    Feature record: CXX_FEATURE:1cxx_nonstatic_member_init
    Feature record: CXX_FEATURE:1cxx_nullptr
    Feature record: CXX_FEATURE:1cxx_override
    Feature record: CXX_FEATURE:1cxx_range_for
    Feature record: CXX_FEATURE:1cxx_raw_string_literals
    Feature record: CXX_FEATURE:1cxx_reference_qualified_functions
    Feature record: CXX_FEATURE:0cxx_relaxed_constexpr
    Feature record: CXX_FEATURE:0cxx_return_type_deduction
    Feature record: CXX_FEATURE:1cxx_right_angle_brackets
    Feature record: CXX_FEATURE:1cxx_rvalue_references
    Feature record: CXX_FEATURE:1cxx_sizeof_member
    Feature record: CXX_FEATURE:1cxx_static_assert
    Feature record: CXX_FEATURE:1cxx_strong_enums
    Feature record: CXX_FEATURE:1cxx_template_template_parameters
    Feature record: CXX_FEATURE:1cxx_thread_local
    Feature record: CXX_FEATURE:1cxx_trailing_return_types
    Feature record: CXX_FEATURE:1cxx_unicode_literals
    Feature record: CXX_FEATURE:1cxx_uniform_initialization
    Feature record: CXX_FEATURE:1cxx_unrestricted_unions
    Feature record: CXX_FEATURE:1cxx_user_literals
    Feature record: CXX_FEATURE:0cxx_variable_templates
    Feature record: CXX_FEATURE:1cxx_variadic_macros
    Feature record: CXX_FEATURE:1cxx_variadic_templates


Detecting CXX [-std=c++11] compiler features compiled with the following output:
Change Dir: /Users/antoine/CALICE/DataAnalysis/Trivent4HEP/build/CMakeFiles/CMakeTmp

Run Build Command:"/usr/bin/make" "cmTryCompileExec214084344/fast"
/Applications/Xcode.app/Contents/Developer/usr/bin/make -f CMakeFiles/cmTryCompileExec214084344.dir/build.make CMakeFiles/cmTryCompileExec214084344.dir/build
/Applications/CMake.app/Contents/bin/cmake -E cmake_progress_report /Users/antoine/CALICE/DataAnalysis/Trivent4HEP/build/CMakeFiles/CMakeTmp/CMakeFiles 1
Building CXX object CMakeFiles/cmTryCompileExec214084344.dir/feature_tests.cxx.o
/usr/osxws/bin/c++    -std=c++11 -o CMakeFiles/cmTryCompileExec214084344.dir/feature_tests.cxx.o -c /Users/antoine/CALICE/DataAnalysis/Trivent4HEP/build/CMakeFiles/feature_tests.cxx
Linking CXX executable cmTryCompileExec214084344
/Applications/CMake.app/Contents/bin/cmake -E cmake_link_script CMakeFiles/cmTryCompileExec214084344.dir/link.txt --verbose=1
/usr/osxws/bin/c++     -Wl,-search_paths_first -Wl,-headerpad_max_install_names   CMakeFiles/cmTryCompileExec214084344.dir/feature_tests.cxx.o  -o cmTryCompileExec214084344  


    Feature record: CXX_FEATURE:0cxx_aggregate_default_initializers
    Feature record: CXX_FEATURE:1cxx_alias_templates
    Feature record: CXX_FEATURE:1cxx_alignas
    Feature record: CXX_FEATURE:1cxx_alignof
    Feature record: CXX_FEATURE:1cxx_attributes
    Feature record: CXX_FEATURE:0cxx_attribute_deprecated
    Feature record: CXX_FEATURE:1cxx_auto_type
    Feature record: CXX_FEATURE:0cxx_binary_literals
    Feature record: CXX_FEATURE:1cxx_constexpr
    Feature record: CXX_FEATURE:0cxx_contextual_conversions
    Feature record: CXX_FEATURE:1cxx_decltype
    Feature record: CXX_FEATURE:0cxx_decltype_auto
    Feature record: CXX_FEATURE:1cxx_decltype_incomplete_return_types
    Feature record: CXX_FEATURE:1cxx_default_function_template_args
    Feature record: CXX_FEATURE:1cxx_defaulted_functions
    Feature record: CXX_FEATURE:1cxx_defaulted_move_initializers
    Feature record: CXX_FEATURE:1cxx_delegating_constructors
    Feature record: CXX_FEATURE:1cxx_deleted_functions
    Feature record: CXX_FEATURE:0cxx_digit_separators
    Feature record: CXX_FEATURE:1cxx_enum_forward_declarations
    Feature record: CXX_FEATURE:1cxx_explicit_conversions
    Feature record: CXX_FEATURE:1cxx_extended_friend_declarations
    Feature record: CXX_FEATURE:1cxx_extern_templates
    Feature record: CXX_FEATURE:1cxx_final
    Feature record: CXX_FEATURE:1cxx_func_identifier
    Feature record: CXX_FEATURE:1cxx_generalized_initializers
    Feature record: CXX_FEATURE:0cxx_generic_lambdas
    Feature record: CXX_FEATURE:1cxx_inheriting_constructors
    Feature record: CXX_FEATURE:1cxx_inline_namespaces
    Feature record: CXX_FEATURE:1cxx_lambdas
    Feature record: CXX_FEATURE:0cxx_lambda_init_captures
    Feature record: CXX_FEATURE:1cxx_local_type_template_args
    Feature record: CXX_FEATURE:1cxx_long_long_type
    Feature record: CXX_FEATURE:1cxx_noexcept
    Feature record: CXX_FEATURE:1cxx_nonstatic_member_init
    Feature record: CXX_FEATURE:1cxx_nullptr
    Feature record: CXX_FEATURE:1cxx_override
    Feature record: CXX_FEATURE:1cxx_range_for
    Feature record: CXX_FEATURE:1cxx_raw_string_literals
    Feature record: CXX_FEATURE:1cxx_reference_qualified_functions
    Feature record: CXX_FEATURE:0cxx_relaxed_constexpr
    Feature record: CXX_FEATURE:0cxx_return_type_deduction
    Feature record: CXX_FEATURE:1cxx_right_angle_brackets
    Feature record: CXX_FEATURE:1cxx_rvalue_references
    Feature record: CXX_FEATURE:1cxx_sizeof_member
    Feature record: CXX_FEATURE:1cxx_static_assert
    Feature record: CXX_FEATURE:1cxx_strong_enums
    Feature record: CXX_FEATURE:1cxx_template_template_parameters
    Feature record: CXX_FEATURE:1cxx_thread_local
    Feature record: CXX_FEATURE:1cxx_trailing_return_types
    Feature record: CXX_FEATURE:1cxx_unicode_literals
    Feature record: CXX_FEATURE:1cxx_uniform_initialization
    Feature record: CXX_FEATURE:1cxx_unrestricted_unions
    Feature record: CXX_FEATURE:1cxx_user_literals
    Feature record: CXX_FEATURE:0cxx_variable_templates
    Feature record: CXX_FEATURE:1cxx_variadic_macros
    Feature record: CXX_FEATURE:1cxx_variadic_templates


Detecting CXX [-std=c++98] compiler features compiled with the following output:
Change Dir: /Users/antoine/CALICE/DataAnalysis/Trivent4HEP/build/CMakeFiles/CMakeTmp

Run Build Command:"/usr/bin/make" "cmTryCompileExec1121746361/fast"
/Applications/Xcode.app/Contents/Developer/usr/bin/make -f CMakeFiles/cmTryCompileExec1121746361.dir/build.make CMakeFiles/cmTryCompileExec1121746361.dir/build
/Applications/CMake.app/Contents/bin/cmake -E cmake_progress_report /Users/antoine/CALICE/DataAnalysis/Trivent4HEP/build/CMakeFiles/CMakeTmp/CMakeFiles 1
Building CXX object CMakeFiles/cmTryCompileExec1121746361.dir/feature_tests.cxx.o
/usr/osxws/bin/c++    -std=c++98 -o CMakeFiles/cmTryCompileExec1121746361.dir/feature_tests.cxx.o -c /Users/antoine/CALICE/DataAnalysis/Trivent4HEP/build/CMakeFiles/feature_tests.cxx
Linking CXX executable cmTryCompileExec1121746361
/Applications/CMake.app/Contents/bin/cmake -E cmake_link_script CMakeFiles/cmTryCompileExec1121746361.dir/link.txt --verbose=1
/usr/osxws/bin/c++     -Wl,-search_paths_first -Wl,-headerpad_max_install_names   CMakeFiles/cmTryCompileExec1121746361.dir/feature_tests.cxx.o  -o cmTryCompileExec1121746361  


    Feature record: CXX_FEATURE:0cxx_aggregate_default_initializers
    Feature record: CXX_FEATURE:0cxx_alias_templates
    Feature record: CXX_FEATURE:0cxx_alignas
    Feature record: CXX_FEATURE:0cxx_alignof
    Feature record: CXX_FEATURE:0cxx_attributes
    Feature record: CXX_FEATURE:0cxx_attribute_deprecated
    Feature record: CXX_FEATURE:0cxx_auto_type
    Feature record: CXX_FEATURE:0cxx_binary_literals
    Feature record: CXX_FEATURE:0cxx_constexpr
    Feature record: CXX_FEATURE:0cxx_contextual_conversions
    Feature record: CXX_FEATURE:0cxx_decltype
    Feature record: CXX_FEATURE:0cxx_decltype_auto
    Feature record: CXX_FEATURE:0cxx_decltype_incomplete_return_types
    Feature record: CXX_FEATURE:0cxx_default_function_template_args
    Feature record: CXX_FEATURE:0cxx_defaulted_functions
    Feature record: CXX_FEATURE:0cxx_defaulted_move_initializers
    Feature record: CXX_FEATURE:0cxx_delegating_constructors
    Feature record: CXX_FEATURE:0cxx_deleted_functions
    Feature record: CXX_FEATURE:0cxx_digit_separators
    Feature record: CXX_FEATURE:0cxx_enum_forward_declarations
    Feature record: CXX_FEATURE:0cxx_explicit_conversions
    Feature record: CXX_FEATURE:0cxx_extended_friend_declarations
    Feature record: CXX_FEATURE:0cxx_extern_templates
    Feature record: CXX_FEATURE:0cxx_final
    Feature record: CXX_FEATURE:0cxx_func_identifier
    Feature record: CXX_FEATURE:0cxx_generalized_initializers
    Feature record: CXX_FEATURE:0cxx_generic_lambdas
    Feature record: CXX_FEATURE:0cxx_inheriting_constructors
    Feature record: CXX_FEATURE:0cxx_inline_namespaces
    Feature record: CXX_FEATURE:0cxx_lambdas
    Feature record: CXX_FEATURE:0cxx_lambda_init_captures
    Feature record: CXX_FEATURE:0cxx_local_type_template_args
    Feature record: CXX_FEATURE:0cxx_long_long_type
    Feature record: CXX_FEATURE:0cxx_noexcept
    Feature record: CXX_FEATURE:0cxx_nonstatic_member_init
    Feature record: CXX_FEATURE:0cxx_nullptr
    Feature record: CXX_FEATURE:0cxx_override
    Feature record: CXX_FEATURE:0cxx_range_for
    Feature record: CXX_FEATURE:0cxx_raw_string_literals
    Feature record: CXX_FEATURE:0cxx_reference_qualified_functions
    Feature record: CXX_FEATURE:0cxx_relaxed_constexpr
    Feature record: CXX_FEATURE:0cxx_return_type_deduction
    Feature record: CXX_FEATURE:0cxx_right_angle_brackets
    Feature record: CXX_FEATURE:0cxx_rvalue_references
    Feature record: CXX_FEATURE:0cxx_sizeof_member
    Feature record: CXX_FEATURE:0cxx_static_assert
    Feature record: CXX_FEATURE:0cxx_strong_enums
    Feature record: CXX_FEATURE:1cxx_template_template_parameters
    Feature record: CXX_FEATURE:0cxx_thread_local
    Feature record: CXX_FEATURE:0cxx_trailing_return_types
    Feature record: CXX_FEATURE:0cxx_unicode_literals
    Feature record: CXX_FEATURE:0cxx_uniform_initialization
    Feature record: CXX_FEATURE:0cxx_unrestricted_unions
    Feature record: CXX_FEATURE:0cxx_user_literals
    Feature record: CXX_FEATURE:0cxx_variable_templates
    Feature record: CXX_FEATURE:0cxx_variadic_macros
    Feature record: CXX_FEATURE:0cxx_variadic_templates
